Using pre-set license
Built from '2020.3/release' branch; Version is '2020.3.1f1 (77a89f25062f) revision 7841951'; Using compiler version '192528614'; Build Type 'Release'
OS: 'Windows 10 Home; OS build 19042.1083; Version 2009; 64bit' Language: 'en' Physical Memory: 32657 MB
BatchMode: 1, IsHumanControllingUs: 0, StartBugReporterOnCrash: 0, Is64bit: 1, IsPro: 0

 COMMAND LINE ARGUMENTS:
C:\Program Files\Unity\Hub\Editor\2020.3.1f1\Editor\Unity.exe
-adb2
-batchMode
-noUpm
-name
AssetImportWorker0
-projectPath
E:/Game Design/Games/AstroRun
-logFile
Logs/AssetImportWorker0.log
-srvPort
55310
Successfully changed project path to: E:/Game Design/Games/AstroRun
E:/Game Design/Games/AstroRun
Using Asset Import Pipeline V2.
Refreshing native plugins compatible for Editor in 57.16 ms, found 1 plugins.
Preloading 0 native plugins for Editor in 0.00 ms.
Initialize engine version: 2020.3.1f1 (77a89f25062f)
[Subsystems] Discovering subsystems at path C:/Program Files/Unity/Hub/Editor/2020.3.1f1/Editor/Data/Resources/UnitySubsystems
[Subsystems] Discovering subsystems at path E:/Game Design/Games/AstroRun/Assets
GfxDevice: creating device client; threaded=0
Direct3D:
    Version:  Direct3D 11.0 [level 11.1]
    Renderer: NVIDIA GeForce RTX 3070 (ID=0x2484)
    Vendor:   
    VRAM:     8043 MB
    Driver:   27.21.14.6140
Shader 'Universal Render Pipeline/Particles/Lit': fallback shader 'Universal Render Pipeline/Particles/SimpleLit' not found
Initialize mono
Mono path[0] = 'C:/Program Files/Unity/Hub/Editor/2020.3.1f1/Editor/Data/Managed'
Mono path[1] = 'C:/Program Files/Unity/Hub/Editor/2020.3.1f1/Editor/Data/MonoBleedingEdge/lib/mono/unityjit'
Mono config path = 'C:/Program Files/Unity/Hub/Editor/2020.3.1f1/Editor/Data/MonoBleedingEdge/etc'
Using monoOptions --debugger-agent=transport=dt_socket,embedding=1,server=y,suspend=n,address=127.0.0.1:56296
Begin MonoManager ReloadAssembly
Registering precompiled unity dll's ...
Register platform support module: C:/Program Files/Unity/Hub/Editor/2020.3.1f1/Editor/Data/PlaybackEngines/WindowsStandaloneSupport/UnityEditor.WindowsStandalone.Extensions.dll
Registered in 0.001431 seconds.
Native extension for WindowsStandalone target not found
Refreshing native plugins compatible for Editor in 82.05 ms, found 1 plugins.
Preloading 0 native plugins for Editor in 0.00 ms.
Invoked RoslynAnalysisRunner static constructor.
RoslynAnalysisRunner will not be running.
RoslynAnalysisRunner has terminated.
Mono: successfully reloaded assembly
- Completed reload, in  1.284 seconds
Platform modules already initialized, skipping
Registering precompiled user dll's ...
Registered in 0.001772 seconds.
Begin MonoManager ReloadAssembly
Native extension for WindowsStandalone target not found
Refreshing native plugins compatible for Editor in 48.45 ms, found 1 plugins.
Preloading 0 native plugins for Editor in 0.00 ms.
Invoked RoslynAnalysisRunner static constructor.
RoslynAnalysisRunner will not be running.
RoslynAnalysisRunner has terminated.
Mono: successfully reloaded assembly
- Completed reload, in  0.805 seconds
Platform modules already initialized, skipping
========================================================================
Worker process is ready to serve import requests
Shader 'Universal Render Pipeline/Particles/Lit': fallback shader 'Universal Render Pipeline/Particles/SimpleLit' not found
Launched and connected shader compiler UnityShaderCompiler.exe after 0.02 seconds
Refreshing native plugins compatible for Editor in 0.70 ms, found 1 plugins.
Preloading 0 native plugins for Editor in 0.00 ms.
Unloading 3309 Unused Serialized files (Serialized files now loaded: 0)
System memory in use before: 141.3 MB.
System memory in use after: 141.5 MB.

Unloading 84 unused Assets to reduce memory usage. Loaded Objects now: 3702.
Total: 1.931900 ms (FindLiveObjects: 0.304300 ms CreateObjectMapping: 0.169900 ms MarkObjects: 1.396900 ms  DeleteObjects: 0.060000 ms)

========================================================================
Received Import Request.
  path: Assets/2D Renderer Data.asset
  artifactKey: Guid(3ca13213dd54eb84bbd07bee7c3cb7a2) Importer(815301076,1909f56bfc062723c751e8b465ee728b)
Start importing Assets/2D Renderer Data.asset using Guid(3ca13213dd54eb84bbd07bee7c3cb7a2) Importer(815301076,1909f56bfc062723c751e8b465ee728b)  -> (artifact id: '4665e161486c7ee76f1ad31c84e6b156') in 0.023179 seconds
  Import took 0.027026 seconds .

========================================================================
Received Import Request.
  Time since last request: 0.000103 seconds.
  path: Assets/UniversalRenderPipelineAsset.asset
  artifactKey: Guid(37f92a63259d70a4f9a349268a83d5c8) Importer(815301076,1909f56bfc062723c751e8b465ee728b)
Start importing Assets/UniversalRenderPipelineAsset.asset using Guid(37f92a63259d70a4f9a349268a83d5c8) Importer(815301076,1909f56bfc062723c751e8b465ee728b)  -> (artifact id: '1fb19b44fd9bd484af393f53b9be0081') in 0.004464 seconds
  Import took 0.007848 seconds .

========================================================================
Received Import Request.
  Time since last request: 0.000102 seconds.
  path: Assets/UniversalRenderPipelineAsset_Renderer.asset
  artifactKey: Guid(0798743950e02a94c9ab722e1de25cb2) Importer(815301076,1909f56bfc062723c751e8b465ee728b)
Start importing Assets/UniversalRenderPipelineAsset_Renderer.asset using Guid(0798743950e02a94c9ab722e1de25cb2) Importer(815301076,1909f56bfc062723c751e8b465ee728b)  -> (artifact id: 'de497678fb1209e08d2221744b82787c') in 0.005921 seconds
  Import took 0.009024 seconds .

========================================================================
Received Import Request.
  Time since last request: 10.328349 seconds.
  path: Assets/2D Renderer Data.asset
  artifactKey: Guid(3ca13213dd54eb84bbd07bee7c3cb7a2) Importer(815301076,1909f56bfc062723c751e8b465ee728b)
Start importing Assets/2D Renderer Data.asset using Guid(3ca13213dd54eb84bbd07bee7c3cb7a2) Importer(815301076,1909f56bfc062723c751e8b465ee728b)  -> (artifact id: '4665e161486c7ee76f1ad31c84e6b156') in 0.001996 seconds
  Import took 0.005925 seconds .

========================================================================
Received Import Request.
  Time since last request: 136.490322 seconds.
  path: Assets/Materials/Smoke/JetpackDustMat.mat
  artifactKey: Guid(a88ac6471aa7af541a8d9c8195196357) Importer(815301076,1909f56bfc062723c751e8b465ee728b)
Start importing Assets/Materials/Smoke/JetpackDustMat.mat using Guid(a88ac6471aa7af541a8d9c8195196357) Importer(815301076,1909f56bfc062723c751e8b465ee728b)  -> (artifact id: '8c704a0408808e4d63d25cd46d4de1f2') in 0.129416 seconds
  Import took 0.133731 seconds .

========================================================================
Received Prepare
Registering precompiled user dll's ...
Registered in 0.001824 seconds.
Begin MonoManager ReloadAssembly
Native extension for WindowsStandalone target not found
Refreshing native plugins compatible for Editor in 0.80 ms, found 1 plugins.
Preloading 0 native plugins for Editor in 0.00 ms.
Invoked RoslynAnalysisRunner static constructor.
RoslynAnalysisRunner will not be running.
RoslynAnalysisRunner has terminated.
Mono: successfully reloaded assembly
- Completed reload, in  1.084 seconds
Platform modules already initialized, skipping
Switching build target platform(5) subTarget(0) extendedPlatform(0) -> platform(13) subTarget(537395200) extendedPlatform(0)
Shader 'Universal Render Pipeline/Particles/Lit': fallback shader 'Universal Render Pipeline/Particles/SimpleLit' not found
Refreshing native plugins compatible for Editor in 0.74 ms, found 1 plugins.
Preloading 0 native plugins for Editor in 0.00 ms.
Unloading 3190 Unused Serialized files (Serialized files now loaded: 0)
System memory in use before: 138.0 MB.
System memory in use after: 138.3 MB.

Unloading 73 unused Assets to reduce memory usage. Loaded Objects now: 3785.
Total: 1.909700 ms (FindLiveObjects: 0.280900 ms CreateObjectMapping: 0.136000 ms MarkObjects: 1.469500 ms  DeleteObjects: 0.022400 ms)

AssetImportParameters requested are different than current active one (requested -> active):
  custom:graphics/normal-map-encoding: 01000000000000000000000000000000 -> 02000000000000000000000000000000
AssetImportWorkerClient::OnTransportError - code=2 error=End of file
